<?xml version="1.0" encoding="utf-8"?><testsuites><testsuite name="pytest" errors="0" failures="0" skipped="0" tests="6" time="43.692" timestamp="2022-11-18T15:32:37.939598" hostname="xiaoma"><testcase classname="test.test_web.test_login.Test_Login" name="test_01_login[xiaoma@126.com-123456-登出]" time="7.548" /><testcase classname="test.test_web.test_login.Test_Login" name="test_02_login[xiaomazz@126.com-123456-用户名或密码错误]" time="7.432" /><testcase classname="test.test_web.test_login.Test_Login" name="test_02_login[-123456-请填写用户名和密码]" time="7.399" /><testcase classname="test.test_web.test_login.Test_Login" name="test_02_login[xiaoma@126.com--请填写用户名和密码]" time="7.394" /><testcase classname="test.test_web.test_login.Test_Login" name="test_02_login[xiaoma@126.com-12345678-用户名或密码错误]" time="7.430" /><testcase classname="test.test_web.test_to_login.Test_HomePage" name="test_to_login" time="6.310" /></testsuite></testsuites>