<?xml version="1.0" encoding="utf-8"?><testsuites><testsuite name="pytest" errors="0" failures="0" skipped="0" tests="18" time="117.878" timestamp="2022-11-21T02:38:38.906793" hostname="xiaoma"><testcase classname="test.test_web.test_enroll.TestEnroll" name="test_case01_enroll[1915856663@qq.com-liaoyudong-123456-123456-1234-\u8f93\u5165\u60a8\u6536\u5230\u90ae\u4ef6\u4e2d\u7684\u9a8c\u8bc1\u7801\uff1a-\u6b22\u8fce\u52a0\u5165\u5f53\u5f53\u7f51]" time="13.672" /><testcase classname="test.test_web.test_enroll.TestEnroll" name="test_email_err_enroll[-liaoyudong-123456-123456-1234-Email\u4e0d\u80fd\u4e3a\u7a7a]" time="5.530" /><testcase classname="test.test_web.test_enroll.TestEnroll" name="test_email_err_enroll[xiaoma@126.com-liaoyudong-123456-123456-1234-Email\u5df2\u5b58\u5728]" time="5.587" /><testcase classname="test.test_web.test_enroll.TestEnroll" name="test_email_err_enroll[xiaoma-liaoyudong-123456-123456-1234-Email\u683c\u5f0f\u4e0d\u6b63\u786e]" time="5.548" /><testcase classname="test.test_web.test_enroll.TestEnroll" name="test_email_err_enroll[@#@-liaoyudong-123456-123456-1234-Email\u683c\u5f0f\u4e0d\u6b63\u786e]" time="5.555" /><testcase classname="test.test_web.test_enroll.TestEnroll" name="test_nikename_err_enroll[1915856663@qq.com--123456-123456-1234-\u6635\u79f0\u4e0d\u80fd\u4e3a\u7a7a]" time="5.591" /><testcase classname="test.test_web.test_enroll.TestEnroll" name="test_nikename_err_enroll[1915856663@qq.com-123-123456-123456-1234-\u6635\u79f0\u683c\u5f0f\u4e0d\u6b63\u786e]" time="5.539" /><testcase classname="test.test_web.test_enroll.TestEnroll" name="test_nikename_err_enroll[1915856663@qq.com-123456789112345678911-123456-123456-1234-\u6635\u79f0\u683c\u5f0f\u4e0d\u6b63\u786e]" time="5.585" /><testcase classname="test.test_web.test_enroll.TestEnroll" name="test_pwd_err_example[1915856663@qq.com-1234--123456-1234-\u5bc6\u7801\u4e0d\u80fd\u4e3a\u7a7a]" time="5.538" /><testcase classname="test.test_web.test_enroll.TestEnroll" name="test_pwd_err_example[1915856663@qq.com-1234-12345-123456-1234-\u5bc6\u7801\u683c\u5f0f\u4e0d\u6b63\u786e]" time="5.575" /><testcase classname="test.test_web.test_enroll.TestEnroll" name="test_repwd_err_example[1915856663@qq.com-liaoyudong-123456-1234567-1234-2\u6b21\u5bc6\u7801\u4e0d\u76f8\u540c]" time="5.531" /><testcase classname="test.test_web.test_enroll.TestEnroll" name="test_check_code_err_example[1915856663@qq.com-liaoyudong-123456-123456--\u9a8c\u8bc1\u7801\u4e0d\u80fd\u4e3a\u7a7a]" time="5.509" /><testcase classname="test.test_web.test_login.Test_Login" name="test_01_login[xiaoma@126.com-123456-\u767b\u51fa]" time="7.524" /><testcase classname="test.test_web.test_login.Test_Login" name="test_02_login[xiaomazz@126.com-123456-\u7528\u6237\u540d\u6216\u5bc6\u7801\u9519\u8bef]" time="7.477" /><testcase classname="test.test_web.test_login.Test_Login" name="test_02_login[-123456-\u8bf7\u586b\u5199\u7528\u6237\u540d\u548c\u5bc6\u7801]" time="7.445" /><testcase classname="test.test_web.test_login.Test_Login" name="test_02_login[xiaoma@126.com--\u8bf7\u586b\u5199\u7528\u6237\u540d\u548c\u5bc6\u7801]" time="7.467" /><testcase classname="test.test_web.test_login.Test_Login" name="test_02_login[xiaoma@126.com-12345678-\u7528\u6237\u540d\u6216\u5bc6\u7801\u9519\u8bef]" time="7.571" /><testcase classname="test.test_web.test_to_login.Test_HomePage" name="test_to_login" time="5.391" /></testsuite></testsuites>