<?xml version="1.0" encoding="utf-8"?><testsuites><testsuite name="pytest" errors="0" failures="0" skipped="0" tests="12" time="74.584" timestamp="2022-11-19T22:34:01.798342" hostname="xiaoma"><testcase classname="test.test_web.test_enroll.TestEnroll" name="test_case01_enroll[1915856663@qq.com-liaoyudong-123456-123456-1234-输入您收到邮件中的验证码：-欢迎加入当当网]" time="13.670" /><testcase classname="test.test_web.test_enroll.TestEnroll" name="test_email_err_enroll[-liaoyudong-123456-123456-1234-Email不能为空]" time="5.662" /><testcase classname="test.test_web.test_enroll.TestEnroll" name="test_email_err_enroll[xiaoma@126.com-liaoyudong-123456-123456-1234-Email已存在]" time="5.534" /><testcase classname="test.test_web.test_enroll.TestEnroll" name="test_email_err_enroll[xiaoma-liaoyudong-123456-123456-1234-Email格式不正确]" time="5.466" /><testcase classname="test.test_web.test_enroll.TestEnroll" name="test_email_err_enroll[@#@-liaoyudong-123456-123456-1234-Email格式不正确]" time="5.503" /><testcase classname="test.test_web.test_enroll.TestEnroll" name="test_nikename_err_enroll[1915856663@qq.com--123456-123456-1234-昵称不能为空]" time="5.489" /><testcase classname="test.test_web.test_enroll.TestEnroll" name="test_nikename_err_enroll[1915856663@qq.com-123-123456-123456-1234-昵称格式不正确]" time="5.480" /><testcase classname="test.test_web.test_enroll.TestEnroll" name="test_nikename_err_enroll[1915856663@qq.com-123456789112345678911-123456-123456-1234-昵称格式不正确]" time="5.515" /><testcase classname="test.test_web.test_enroll.TestEnroll" name="test_pwd_err_example[1915856663@qq.com-1234--123456-1234-密码不能为空]" time="5.560" /><testcase classname="test.test_web.test_enroll.TestEnroll" name="test_pwd_err_example[1915856663@qq.com-1234-12345-123456-1234-密码格式不正确]" time="5.483" /><testcase classname="test.test_web.test_enroll.TestEnroll" name="test_repwd_err_example[1915856663@qq.com-liaoyudong-123456-1234567-1234-2次密码不相同]" time="5.503" /><testcase classname="test.test_web.test_enroll.TestEnroll" name="test_check_code_err_example[1915856663@qq.com-liaoyudong-123456-123456--验证码不能为空]" time="5.527" /></testsuite></testsuites>