<?xml version="1.0" encoding="utf-8"?><testsuites><testsuite name="pytest" errors="0" failures="0" skipped="0" tests="6" time="49.506" timestamp="2022-11-17T16:01:49.902166" hostname="xiaoma"><testcase classname="test.test_web.test_login.Test_Login" name="test_01_login[xiaoma@126.com-123456-\u767b\u51fa]" time="14.271" /><testcase classname="test.test_web.test_login.Test_Login" name="test_02_login[xiaomazz@126.com-123456-\u7528\u6237\u540d\u6216\u5bc6\u7801\u9519\u8bef]" time="7.408" /><testcase classname="test.test_web.test_login.Test_Login" name="test_02_login[-123456-\u8bf7\u586b\u5199\u7528\u6237\u540d\u548c\u5bc6\u7801]" time="7.427" /><testcase classname="test.test_web.test_login.Test_Login" name="test_02_login[xiaoma@126.com--\u8bf7\u586b\u5199\u7528\u6237\u540d\u548c\u5bc6\u7801]" time="7.488" /><testcase classname="test.test_web.test_login.Test_Login" name="test_02_login[xiaoma@126.com-12345678-\u7528\u6237\u540d\u6216\u5bc6\u7801\u9519\u8bef]" time="7.439" /><testcase classname="test.test_web.test_to_login.Test_HomePage" name="test_to_login" time="5.343" /></testsuite></testsuites>